<?xml version="1.0" encoding="UTF-8"?>
<!-- Generated by org.testng.reporters.JUnitReportReporter -->
<testsuite hostname="sabbir-asus" failures="0" tests="2" name="testCasesPackage.T001_CreateNewAccount" time="49.978" errors="0" timestamp="2022-06-25T23:55:16 BDT" skipped="0">
  <testcase classname="testCasesPackage.T001_CreateNewAccount" name="registration" time="17.558"/>
  <system-out/>
  <testcase classname="testCasesPackage.T001_CreateNewAccount" name="registration" time="32.420"/>
  <system-out/>
</testsuite> <!-- testCasesPackage.T001_CreateNewAccount -->
